2025-08-11T08:37:51.973-06:00  INFO 3596 --- [sistema-proyectos-cads] [main] c.cads.SistemaProyectosCadsApplication   : Starting SistemaProyectosCadsApplication using Java 17.0.15 with PID 3596 (/home/rogeliovc/trabajosWeb/Sistema-de-proyectos-del-CADS/backend/target/classes started by rogeliovc in /home/rogeliovc/trabajosWeb/Sistema-de-proyectos-del-CADS/backend)
2025-08-11T08:37:51.978-06:00 DEBUG 3596 --- [sistema-proyectos-cads] [main] c.cads.SistemaProyectosCadsApplication   : Running with Spring Boot v3.2.0, Spring v6.1.1
2025-08-11T08:37:51.979-06:00  INFO 3596 --- [sistema-proyectos-cads] [main] c.cads.SistemaProyectosCadsApplication   : No active profile set, falling back to 1 default profile: "default"
2025-08-11T08:37:52.597-06:00  INFO 3596 --- [sistema-proyectos-cads] [main] .s.d.r.c.RepositoryConfigurationDelegate : Bootstrapping Spring Data JPA repositories in DEFAULT mode.
2025-08-11T08:37:52.652-06:00  INFO 3596 --- [sistema-proyectos-cads] [main] .s.d.r.c.RepositoryConfigurationDelegate : Finished Spring Data repository scanning in 47 ms. Found 1 JPA repository interface.
2025-08-11T08:37:53.105-06:00  INFO 3596 --- [sistema-proyectos-cads] [main] o.s.b.w.embedded.tomcat.TomcatWebServer  : Tomcat initialized with port 8080 (http)
2025-08-11T08:37:53.113-06:00  INFO 3596 --- [sistema-proyectos-cads] [main] o.apache.catalina.core.StandardService   : Starting service [Tomcat]
2025-08-11T08:37:53.114-06:00  INFO 3596 --- [sistema-proyectos-cads] [main] o.apache.catalina.core.StandardEngine    : Starting Servlet engine: [Apache Tomcat/10.1.16]
2025-08-11T08:37:53.171-06:00  INFO 3596 --- [sistema-proyectos-cads] [main] o.a.c.c.C.[Tomcat].[localhost].[/]       : Initializing Spring embedded WebApplicationContext
2025-08-11T08:37:53.171-06:00  INFO 3596 --- [sistema-proyectos-cads] [main] w.s.c.ServletWebServerApplicationContext : Root WebApplicationContext: initialization completed in 1147 ms
2025-08-11T08:37:53.294-06:00  INFO 3596 --- [sistema-proyectos-cads] [main] o.hibernate.jpa.internal.util.LogHelper  : HHH000204: Processing PersistenceUnitInfo [name: default]
2025-08-11T08:37:53.333-06:00  INFO 3596 --- [sistema-proyectos-cads] [main] org.hibernate.Version                    : HHH000412: Hibernate ORM core version 6.3.1.Final
2025-08-11T08:37:53.359-06:00  INFO 3596 --- [sistema-proyectos-cads] [main] o.h.c.internal.RegionFactoryInitiator    : HHH000026: Second-level cache disabled
2025-08-11T08:37:53.515-06:00  INFO 3596 --- [sistema-proyectos-cads] [main] o.s.o.j.p.SpringPersistenceUnitInfo      : No LoadTimeWeaver setup: ignoring JPA class transformer
2025-08-11T08:37:53.554-06:00  INFO 3596 --- [sistema-proyectos-cads] [main] com.zaxxer.hikari.HikariDataSource       : HikariPool-1 - Starting...
2025-08-11T08:37:53.648-06:00  INFO 3596 --- [sistema-proyectos-cads] [main] com.zaxxer.hikari.pool.HikariPool        : HikariPool-1 - Added connection org.postgresql.jdbc.PgConnection@1999149e
2025-08-11T08:37:53.649-06:00  INFO 3596 --- [sistema-proyectos-cads] [main] com.zaxxer.hikari.HikariDataSource       : HikariPool-1 - Start completed.
2025-08-11T08:37:53.685-06:00  WARN 3596 --- [sistema-proyectos-cads] [main] org.hibernate.orm.deprecation            : HHH90000025: PostgreSQLDialect does not need to be specified explicitly using 'hibernate.dialect' (remove the property setting and it will be selected by default)
2025-08-11T08:37:54.509-06:00  INFO 3596 --- [sistema-proyectos-cads] [main] o.h.e.t.j.p.i.JtaPlatformInitiator       : HHH000489: No JTA platform available (set 'hibernate.transaction.jta.platform' to enable JTA platform integration)
2025-08-11T08:37:54.678-06:00  INFO 3596 --- [sistema-proyectos-cads] [main] j.LocalContainerEntityManagerFactoryBean : Initialized JPA EntityManagerFactory for persistence unit 'default'
2025-08-11T08:37:55.012-06:00 DEBUG 3596 --- [sistema-proyectos-cads] [main] c.cads.security.JwtAuthenticationFilter  : Filter 'jwtAuthenticationFilter' configured for use
2025-08-11T08:37:55.189-06:00  WARN 3596 --- [sistema-proyectos-cads] [main] JpaBaseConfiguration$JpaWebConfiguration : spring.jpa.open-in-view is enabled by default. Therefore, database queries may be performed during view rendering. Explicitly configure spring.jpa.open-in-view to disable this warning
2025-08-11T08:37:55.251-06:00  INFO 3596 --- [sistema-proyectos-cads] [main] com.cads.config.SecurityConfig           : Configurando la cadena de filtros de seguridad...
2025-08-11T08:37:55.453-06:00  INFO 3596 --- [sistema-proyectos-cads] [main] com.cads.config.SecurityConfig           : Configuraci贸n de seguridad completada.
2025-08-11T08:37:55.489-06:00  INFO 3596 --- [sistema-proyectos-cads] [main] o.s.s.web.DefaultSecurityFilterChain     : Will secure any request with [org.springframework.security.web.session.DisableEncodeUrlFilter@7c045627, org.springframework.security.web.context.request.async.WebAsyncManagerIntegrationFilter@d79a69b, org.springframework.security.web.context.SecurityContextHolderFilter@3dedc8b8, org.springframework.security.web.header.HeaderWriterFilter@6d97a357, org.springframework.web.filter.CorsFilter@51158fb1, org.springframework.security.web.authentication.logout.LogoutFilter@1dfd3635, com.cads.security.JwtAuthenticationFilter@6447dc25, org.springframework.security.web.savedrequest.RequestCacheAwareFilter@49b73e6c, org.springframework.security.web.servletapi.SecurityContextHolderAwareRequestFilter@1f138b74, org.springframework.security.web.authentication.AnonymousAuthenticationFilter@62682ece, org.springframework.security.web.session.SessionManagementFilter@6980fa39, org.springframework.security.web.access.ExceptionTranslationFilter@8929865, org.springframework.security.web.access.intercept.AuthorizationFilter@65528bcf]
2025-08-11T08:37:55.773-06:00  INFO 3596 --- [sistema-proyectos-cads] [main] o.s.b.w.embedded.tomcat.TomcatWebServer  : Tomcat started on port 8080 (http) with context path ''
2025-08-11T08:37:55.782-06:00  INFO 3596 --- [sistema-proyectos-cads] [main] c.cads.SistemaProyectosCadsApplication   : Started SistemaProyectosCadsApplication in 4.197 seconds (process running for 4.42)
2025-08-11T08:46:15.048-06:00  INFO 3596 --- [sistema-proyectos-cads] [SpringApplicationShutdownHook] j.LocalContainerEntityManagerFactoryBean : Closing JPA EntityManagerFactory for persistence unit 'default'
2025-08-11T08:46:15.050-06:00  INFO 3596 --- [sistema-proyectos-cads] [SpringApplicationShutdownHook] com.zaxxer.hikari.HikariDataSource       : HikariPool-1 - Shutdown initiated...
2025-08-11T08:46:15.053-06:00  INFO 3596 --- [sistema-proyectos-cads] [SpringApplicationShutdownHook] com.zaxxer.hikari.HikariDataSource       : HikariPool-1 - Shutdown completed.
2025-08-11T09:00:49.811-06:00  INFO 19255 --- [sistema-proyectos-cads] [main] c.cads.SistemaProyectosCadsApplication   : Starting SistemaProyectosCadsApplication using Java 17.0.15 with PID 19255 (/home/rogeliovc/trabajosWeb/Sistema-de-proyectos-del-CADS/backend/target/classes started by rogeliovc in /home/rogeliovc/trabajosWeb/Sistema-de-proyectos-del-CADS/backend)
2025-08-11T09:00:49.813-06:00 DEBUG 19255 --- [sistema-proyectos-cads] [main] c.cads.SistemaProyectosCadsApplication   : Running with Spring Boot v3.2.0, Spring v6.1.1
2025-08-11T09:00:49.814-06:00  INFO 19255 --- [sistema-proyectos-cads] [main] c.cads.SistemaProyectosCadsApplication   : No active profile set, falling back to 1 default profile: "default"
2025-08-11T09:00:50.432-06:00  INFO 19255 --- [sistema-proyectos-cads] [main] .s.d.r.c.RepositoryConfigurationDelegate : Bootstrapping Spring Data JPA repositories in DEFAULT mode.
2025-08-11T09:00:50.470-06:00  INFO 19255 --- [sistema-proyectos-cads] [main] .s.d.r.c.RepositoryConfigurationDelegate : Finished Spring Data repository scanning in 32 ms. Found 1 JPA repository interface.
2025-08-11T09:00:50.925-06:00  INFO 19255 --- [sistema-proyectos-cads] [main] o.s.b.w.embedded.tomcat.TomcatWebServer  : Tomcat initialized with port 8080 (http)
2025-08-11T09:00:50.935-06:00  INFO 19255 --- [sistema-proyectos-cads] [main] o.apache.catalina.core.StandardService   : Starting service [Tomcat]
2025-08-11T09:00:50.936-06:00  INFO 19255 --- [sistema-proyectos-cads] [main] o.apache.catalina.core.StandardEngine    : Starting Servlet engine: [Apache Tomcat/10.1.16]
2025-08-11T09:00:50.979-06:00  INFO 19255 --- [sistema-proyectos-cads] [main] o.a.c.c.C.[Tomcat].[localhost].[/]       : Initializing Spring embedded WebApplicationContext
2025-08-11T09:00:50.979-06:00  INFO 19255 --- [sistema-proyectos-cads] [main] w.s.c.ServletWebServerApplicationContext : Root WebApplicationContext: initialization completed in 1133 ms
2025-08-11T09:00:51.082-06:00  INFO 19255 --- [sistema-proyectos-cads] [main] o.hibernate.jpa.internal.util.LogHelper  : HHH000204: Processing PersistenceUnitInfo [name: default]
2025-08-11T09:00:51.115-06:00  INFO 19255 --- [sistema-proyectos-cads] [main] org.hibernate.Version                    : HHH000412: Hibernate ORM core version 6.3.1.Final
2025-08-11T09:00:51.137-06:00  INFO 19255 --- [sistema-proyectos-cads] [main] o.h.c.internal.RegionFactoryInitiator    : HHH000026: Second-level cache disabled
2025-08-11T09:00:51.289-06:00  INFO 19255 --- [sistema-proyectos-cads] [main] o.s.o.j.p.SpringPersistenceUnitInfo      : No LoadTimeWeaver setup: ignoring JPA class transformer
2025-08-11T09:00:51.316-06:00  INFO 19255 --- [sistema-proyectos-cads] [main] com.zaxxer.hikari.HikariDataSource       : HikariPool-1 - Starting...
2025-08-11T09:00:51.388-06:00  INFO 19255 --- [sistema-proyectos-cads] [main] com.zaxxer.hikari.pool.HikariPool        : HikariPool-1 - Added connection org.postgresql.jdbc.PgConnection@2b7774d5
2025-08-11T09:00:51.390-06:00  INFO 19255 --- [sistema-proyectos-cads] [main] com.zaxxer.hikari.HikariDataSource       : HikariPool-1 - Start completed.
2025-08-11T09:00:51.423-06:00  WARN 19255 --- [sistema-proyectos-cads] [main] org.hibernate.orm.deprecation            : HHH90000025: PostgreSQLDialect does not need to be specified explicitly using 'hibernate.dialect' (remove the property setting and it will be selected by default)
2025-08-11T09:00:52.279-06:00  INFO 19255 --- [sistema-proyectos-cads] [main] o.h.e.t.j.p.i.JtaPlatformInitiator       : HHH000489: No JTA platform available (set 'hibernate.transaction.jta.platform' to enable JTA platform integration)
2025-08-11T09:00:52.408-06:00  INFO 19255 --- [sistema-proyectos-cads] [main] j.LocalContainerEntityManagerFactoryBean : Initialized JPA EntityManagerFactory for persistence unit 'default'
2025-08-11T09:00:52.729-06:00 DEBUG 19255 --- [sistema-proyectos-cads] [main] c.cads.security.JwtAuthenticationFilter  : Filter 'jwtAuthenticationFilter' configured for use
2025-08-11T09:00:52.894-06:00  WARN 19255 --- [sistema-proyectos-cads] [main] JpaBaseConfiguration$JpaWebConfiguration : spring.jpa.open-in-view is enabled by default. Therefore, database queries may be performed during view rendering. Explicitly configure spring.jpa.open-in-view to disable this warning
2025-08-11T09:00:52.967-06:00  INFO 19255 --- [sistema-proyectos-cads] [main] com.cads.config.SecurityConfig           : Configurando la cadena de filtros de seguridad...
2025-08-11T09:00:53.207-06:00  INFO 19255 --- [sistema-proyectos-cads] [main] com.cads.config.SecurityConfig           : Configuraci贸n de seguridad completada.
2025-08-11T09:00:53.243-06:00  INFO 19255 --- [sistema-proyectos-cads] [main] o.s.s.web.DefaultSecurityFilterChain     : Will secure any request with [org.springframework.security.web.session.DisableEncodeUrlFilter@e14559e, org.springframework.security.web.context.request.async.WebAsyncManagerIntegrationFilter@7a0eb939, org.springframework.security.web.context.SecurityContextHolderFilter@4924ad09, org.springframework.security.web.header.HeaderWriterFilter@321302bc, org.springframework.web.filter.CorsFilter@54a7d1b9, org.springframework.security.web.authentication.logout.LogoutFilter@5ae6119b, com.cads.security.JwtAuthenticationFilter@49c555c3, org.springframework.security.web.savedrequest.RequestCacheAwareFilter@3a1540be, org.springframework.security.web.servletapi.SecurityContextHolderAwareRequestFilter@6aff157e, org.springframework.security.web.authentication.AnonymousAuthenticationFilter@209f0986, org.springframework.security.web.session.SessionManagementFilter@1e6cd1c, org.springframework.security.web.access.ExceptionTranslationFilter@41bc501b, org.springframework.security.web.access.intercept.AuthorizationFilter@59f5a376]
2025-08-11T09:00:53.582-06:00  INFO 19255 --- [sistema-proyectos-cads] [main] o.s.b.w.embedded.tomcat.TomcatWebServer  : Tomcat started on port 8080 (http) with context path ''
2025-08-11T09:00:53.597-06:00  INFO 19255 --- [sistema-proyectos-cads] [main] c.cads.SistemaProyectosCadsApplication   : Started SistemaProyectosCadsApplication in 4.17 seconds (process running for 4.398)
2025-08-19T12:19:55.333-06:00  INFO 136836 --- [sistema-proyectos-cads] [main] c.cads.SistemaProyectosCadsApplication   : Starting SistemaProyectosCadsApplication using Java 17.0.15 with PID 136836 (/home/rogeliovc/trabajosWeb/Sistema-de-proyectos-del-CADS/backend/target/classes started by rogeliovc in /home/rogeliovc/trabajosWeb/Sistema-de-proyectos-del-CADS/backend)
2025-08-19T12:19:55.335-06:00 DEBUG 136836 --- [sistema-proyectos-cads] [main] c.cads.SistemaProyectosCadsApplication   : Running with Spring Boot v3.2.0, Spring v6.1.1
2025-08-19T12:19:55.336-06:00  INFO 136836 --- [sistema-proyectos-cads] [main] c.cads.SistemaProyectosCadsApplication   : No active profile set, falling back to 1 default profile: "default"
2025-08-19T12:19:56.139-06:00  INFO 136836 --- [sistema-proyectos-cads] [main] .s.d.r.c.RepositoryConfigurationDelegate : Bootstrapping Spring Data JPA repositories in DEFAULT mode.
2025-08-19T12:19:56.206-06:00  INFO 136836 --- [sistema-proyectos-cads] [main] .s.d.r.c.RepositoryConfigurationDelegate : Finished Spring Data repository scanning in 57 ms. Found 1 JPA repository interface.
2025-08-19T12:19:56.817-06:00  INFO 136836 --- [sistema-proyectos-cads] [main] o.s.b.w.embedded.tomcat.TomcatWebServer  : Tomcat initialized with port 8080 (http)
2025-08-19T12:19:56.828-06:00  INFO 136836 --- [sistema-proyectos-cads] [main] o.apache.catalina.core.StandardService   : Starting service [Tomcat]
2025-08-19T12:19:56.829-06:00  INFO 136836 --- [sistema-proyectos-cads] [main] o.apache.catalina.core.StandardEngine    : Starting Servlet engine: [Apache Tomcat/10.1.16]
2025-08-19T12:19:56.888-06:00  INFO 136836 --- [sistema-proyectos-cads] [main] o.a.c.c.C.[Tomcat].[localhost].[/]       : Initializing Spring embedded WebApplicationContext
2025-08-19T12:19:56.888-06:00  INFO 136836 --- [sistema-proyectos-cads] [main] w.s.c.ServletWebServerApplicationContext : Root WebApplicationContext: initialization completed in 1503 ms
2025-08-19T12:19:57.027-06:00  INFO 136836 --- [sistema-proyectos-cads] [main] o.hibernate.jpa.internal.util.LogHelper  : HHH000204: Processing PersistenceUnitInfo [name: default]
2025-08-19T12:19:57.095-06:00  INFO 136836 --- [sistema-proyectos-cads] [main] org.hibernate.Version                    : HHH000412: Hibernate ORM core version 6.3.1.Final
2025-08-19T12:19:57.133-06:00  INFO 136836 --- [sistema-proyectos-cads] [main] o.h.c.internal.RegionFactoryInitiator    : HHH000026: Second-level cache disabled
2025-08-19T12:19:57.423-06:00  INFO 136836 --- [sistema-proyectos-cads] [main] o.s.o.j.p.SpringPersistenceUnitInfo      : No LoadTimeWeaver setup: ignoring JPA class transformer
2025-08-19T12:19:57.460-06:00  INFO 136836 --- [sistema-proyectos-cads] [main] com.zaxxer.hikari.HikariDataSource       : HikariPool-1 - Starting...
2025-08-19T12:19:57.569-06:00  INFO 136836 --- [sistema-proyectos-cads] [main] com.zaxxer.hikari.pool.HikariPool        : HikariPool-1 - Added connection org.postgresql.jdbc.PgConnection@49190ed6
2025-08-19T12:19:57.571-06:00  INFO 136836 --- [sistema-proyectos-cads] [main] com.zaxxer.hikari.HikariDataSource       : HikariPool-1 - Start completed.
2025-08-19T12:19:57.621-06:00  WARN 136836 --- [sistema-proyectos-cads] [main] org.hibernate.orm.deprecation            : HHH90000025: PostgreSQLDialect does not need to be specified explicitly using 'hibernate.dialect' (remove the property setting and it will be selected by default)
2025-08-19T12:19:58.598-06:00  INFO 136836 --- [sistema-proyectos-cads] [main] o.h.e.t.j.p.i.JtaPlatformInitiator       : HHH000489: No JTA platform available (set 'hibernate.transaction.jta.platform' to enable JTA platform integration)
2025-08-19T12:19:58.798-06:00  INFO 136836 --- [sistema-proyectos-cads] [main] j.LocalContainerEntityManagerFactoryBean : Initialized JPA EntityManagerFactory for persistence unit 'default'
2025-08-19T12:19:59.338-06:00 DEBUG 136836 --- [sistema-proyectos-cads] [main] c.cads.security.JwtAuthenticationFilter  : Filter 'jwtAuthenticationFilter' configured for use
2025-08-19T12:19:59.533-06:00  WARN 136836 --- [sistema-proyectos-cads] [main] JpaBaseConfiguration$JpaWebConfiguration : spring.jpa.open-in-view is enabled by default. Therefore, database queries may be performed during view rendering. Explicitly configure spring.jpa.open-in-view to disable this warning
2025-08-19T12:19:59.650-06:00  INFO 136836 --- [sistema-proyectos-cads] [main] com.cads.config.SecurityConfig           : Configurando la cadena de filtros de seguridad...
2025-08-19T12:19:59.912-06:00  INFO 136836 --- [sistema-proyectos-cads] [main] com.cads.config.SecurityConfig           : Configuraci贸n de seguridad completada.
2025-08-19T12:19:59.947-06:00  INFO 136836 --- [sistema-proyectos-cads] [main] o.s.s.web.DefaultSecurityFilterChain     : Will secure any request with [org.springframework.security.web.session.DisableEncodeUrlFilter@602e7a9e, org.springframework.security.web.context.request.async.WebAsyncManagerIntegrationFilter@59f5a376, org.springframework.security.web.context.SecurityContextHolderFilter@6d97a357, org.springframework.security.web.header.HeaderWriterFilter@1dc9e4d2, org.springframework.web.filter.CorsFilter@19c6e821, org.springframework.security.web.authentication.logout.LogoutFilter@72ae1007, com.cads.security.JwtAuthenticationFilter@235dacd7, org.springframework.security.web.savedrequest.RequestCacheAwareFilter@1dab2cf5, org.springframework.security.web.servletapi.SecurityContextHolderAwareRequestFilter@19f9287a, org.springframework.security.web.authentication.AnonymousAuthenticationFilter@1dfd3635, org.springframework.security.web.session.SessionManagementFilter@62d5617, org.springframework.security.web.access.ExceptionTranslationFilter@1b949de4, org.springframework.security.web.access.intercept.AuthorizationFilter@5edce7da]
2025-08-19T12:20:00.283-06:00  INFO 136836 --- [sistema-proyectos-cads] [main] o.s.b.w.embedded.tomcat.TomcatWebServer  : Tomcat started on port 8080 (http) with context path ''
2025-08-19T12:20:00.293-06:00  INFO 136836 --- [sistema-proyectos-cads] [main] c.cads.SistemaProyectosCadsApplication   : Started SistemaProyectosCadsApplication in 5.403 seconds (process running for 5.749)
2025-08-19T12:20:13.755-06:00  INFO 136836 --- [sistema-proyectos-cads] [http-nio-8080-exec-1] o.a.c.c.C.[Tomcat].[localhost].[/]       : Initializing Spring DispatcherServlet 'dispatcherServlet'
2025-08-19T12:20:13.755-06:00  INFO 136836 --- [sistema-proyectos-cads] [http-nio-8080-exec-1] o.s.web.servlet.DispatcherServlet        : Initializing Servlet 'dispatcherServlet'
2025-08-19T12:20:13.757-06:00  INFO 136836 --- [sistema-proyectos-cads] [http-nio-8080-exec-1] o.s.web.servlet.DispatcherServlet        : Completed initialization in 1 ms
2025-08-19T12:20:13.777-06:00  WARN 136836 --- [sistema-proyectos-cads] [http-nio-8080-exec-1] o.s.w.s.h.HandlerMappingIntrospector     : Cache miss for REQUEST dispatch to '/api/health' (previous null). Performing MatchableHandlerMapping lookup. This is logged once only at WARN level, and every time at TRACE.
2025-08-19T12:22:42.978-06:00  INFO 136836 --- [sistema-proyectos-cads] [SpringApplicationShutdownHook] j.LocalContainerEntityManagerFactoryBean : Closing JPA EntityManagerFactory for persistence unit 'default'
2025-08-19T12:22:42.987-06:00  INFO 136836 --- [sistema-proyectos-cads] [SpringApplicationShutdownHook] com.zaxxer.hikari.HikariDataSource       : HikariPool-1 - Shutdown initiated...
2025-08-19T12:22:43.003-06:00  INFO 136836 --- [sistema-proyectos-cads] [SpringApplicationShutdownHook] com.zaxxer.hikari.HikariDataSource       : HikariPool-1 - Shutdown completed.
2025-08-20T16:51:51.009-06:00  INFO 11064 --- [sistema-proyectos-cads] [main] c.cads.SistemaProyectosCadsApplication   : Starting SistemaProyectosCadsApplication using Java 17.0.15 with PID 11064 (/home/rogeliovc/trabajosWeb/Sistema-de-proyectos-del-CADS/backend/target/classes started by rogeliovc in /home/rogeliovc/trabajosWeb/Sistema-de-proyectos-del-CADS/backend)
2025-08-20T16:51:51.011-06:00 DEBUG 11064 --- [sistema-proyectos-cads] [main] c.cads.SistemaProyectosCadsApplication   : Running with Spring Boot v3.2.0, Spring v6.1.1
2025-08-20T16:51:51.013-06:00  INFO 11064 --- [sistema-proyectos-cads] [main] c.cads.SistemaProyectosCadsApplication   : No active profile set, falling back to 1 default profile: "default"
2025-08-20T16:51:51.901-06:00  INFO 11064 --- [sistema-proyectos-cads] [main] .s.d.r.c.RepositoryConfigurationDelegate : Bootstrapping Spring Data JPA repositories in DEFAULT mode.
2025-08-20T16:51:51.958-06:00  INFO 11064 --- [sistema-proyectos-cads] [main] .s.d.r.c.RepositoryConfigurationDelegate : Finished Spring Data repository scanning in 50 ms. Found 1 JPA repository interface.
2025-08-20T16:51:52.601-06:00  INFO 11064 --- [sistema-proyectos-cads] [main] o.s.b.w.embedded.tomcat.TomcatWebServer  : Tomcat initialized with port 8080 (http)
2025-08-20T16:51:52.614-06:00  INFO 11064 --- [sistema-proyectos-cads] [main] o.apache.catalina.core.StandardService   : Starting service [Tomcat]
2025-08-20T16:51:52.614-06:00  INFO 11064 --- [sistema-proyectos-cads] [main] o.apache.catalina.core.StandardEngine    : Starting Servlet engine: [Apache Tomcat/10.1.16]
2025-08-20T16:51:52.685-06:00  INFO 11064 --- [sistema-proyectos-cads] [main] o.a.c.c.C.[Tomcat].[localhost].[/]       : Initializing Spring embedded WebApplicationContext
2025-08-20T16:51:52.685-06:00  INFO 11064 --- [sistema-proyectos-cads] [main] w.s.c.ServletWebServerApplicationContext : Root WebApplicationContext: initialization completed in 1621 ms
2025-08-20T16:51:52.834-06:00  INFO 11064 --- [sistema-proyectos-cads] [main] o.hibernate.jpa.internal.util.LogHelper  : HHH000204: Processing PersistenceUnitInfo [name: default]
2025-08-20T16:51:52.879-06:00  INFO 11064 --- [sistema-proyectos-cads] [main] org.hibernate.Version                    : HHH000412: Hibernate ORM core version 6.3.1.Final
2025-08-20T16:51:52.908-06:00  INFO 11064 --- [sistema-proyectos-cads] [main] o.h.c.internal.RegionFactoryInitiator    : HHH000026: Second-level cache disabled
2025-08-20T16:51:53.098-06:00  INFO 11064 --- [sistema-proyectos-cads] [main] o.s.o.j.p.SpringPersistenceUnitInfo      : No LoadTimeWeaver setup: ignoring JPA class transformer
2025-08-20T16:51:53.130-06:00  INFO 11064 --- [sistema-proyectos-cads] [main] com.zaxxer.hikari.HikariDataSource       : HikariPool-1 - Starting...
2025-08-20T16:51:53.229-06:00  INFO 11064 --- [sistema-proyectos-cads] [main] com.zaxxer.hikari.pool.HikariPool        : HikariPool-1 - Added connection org.postgresql.jdbc.PgConnection@13fe5bb7
2025-08-20T16:51:53.231-06:00  INFO 11064 --- [sistema-proyectos-cads] [main] com.zaxxer.hikari.HikariDataSource       : HikariPool-1 - Start completed.
2025-08-20T16:51:53.268-06:00  WARN 11064 --- [sistema-proyectos-cads] [main] org.hibernate.orm.deprecation            : HHH90000025: PostgreSQLDialect does not need to be specified explicitly using 'hibernate.dialect' (remove the property setting and it will be selected by default)
2025-08-20T16:51:54.362-06:00  INFO 11064 --- [sistema-proyectos-cads] [main] o.h.e.t.j.p.i.JtaPlatformInitiator       : HHH000489: No JTA platform available (set 'hibernate.transaction.jta.platform' to enable JTA platform integration)
2025-08-20T16:51:54.620-06:00  INFO 11064 --- [sistema-proyectos-cads] [main] j.LocalContainerEntityManagerFactoryBean : Initialized JPA EntityManagerFactory for persistence unit 'default'
2025-08-20T16:51:55.063-06:00 DEBUG 11064 --- [sistema-proyectos-cads] [main] c.cads.security.JwtAuthenticationFilter  : Filter 'jwtAuthenticationFilter' configured for use
2025-08-20T16:51:55.275-06:00  WARN 11064 --- [sistema-proyectos-cads] [main] JpaBaseConfiguration$JpaWebConfiguration : spring.jpa.open-in-view is enabled by default. Therefore, database queries may be performed during view rendering. Explicitly configure spring.jpa.open-in-view to disable this warning
2025-08-20T16:51:55.358-06:00  INFO 11064 --- [sistema-proyectos-cads] [main] com.cads.config.SecurityConfig           : Configurando la cadena de filtros de seguridad...
2025-08-20T16:51:55.632-06:00  INFO 11064 --- [sistema-proyectos-cads] [main] com.cads.config.SecurityConfig           : Configuraci贸n de seguridad completada.
2025-08-20T16:51:55.674-06:00  INFO 11064 --- [sistema-proyectos-cads] [main] o.s.s.web.DefaultSecurityFilterChain     : Will secure any request with [org.springframework.security.web.session.DisableEncodeUrlFilter@329a27ae, org.springframework.security.web.context.request.async.WebAsyncManagerIntegrationFilter@589a82af, org.springframework.security.web.context.SecurityContextHolderFilter@4b517357, org.springframework.security.web.header.HeaderWriterFilter@525c0f74, org.springframework.web.filter.CorsFilter@5edce7da, org.springframework.security.web.authentication.logout.LogoutFilter@80081d7, com.cads.security.JwtAuthenticationFilter@28796d0e, org.springframework.security.web.savedrequest.RequestCacheAwareFilter@62d5617, org.springframework.security.web.servletapi.SecurityContextHolderAwareRequestFilter@8929865, org.springframework.security.web.authentication.AnonymousAuthenticationFilter@f69e35a, org.springframework.security.web.session.SessionManagementFilter@3f908a10, org.springframework.security.web.access.ExceptionTranslationFilter@98a0842, org.springframework.security.web.access.intercept.AuthorizationFilter@5ae6119b]
2025-08-20T16:51:56.057-06:00  INFO 11064 --- [sistema-proyectos-cads] [main] o.s.b.w.embedded.tomcat.TomcatWebServer  : Tomcat started on port 8080 (http) with context path ''
2025-08-20T16:51:56.069-06:00  INFO 11064 --- [sistema-proyectos-cads] [main] c.cads.SistemaProyectosCadsApplication   : Started SistemaProyectosCadsApplication in 5.591 seconds (process running for 6.052)
